<?xml version="1.0" encoding="UTF-8"?>
<!-- Generated by org.testng.reporters.JUnitReportReporter -->
<testsuite hostname="IP-MTY-AVALOS" failures="0" tests="1" name="com.opensource.qa.Admin" time="17.300" errors="0" timestamp="06 Nov 2021 17:23:40 GMT" skipped="0">
  <testcase classname="com.opensource.qa.Admin" name="TC001_Admin_SearchEmployee" time="17.300"/>
</testsuite> <!-- com.opensource.qa.Admin -->
