<?xml version="1.0" encoding="UTF-8"?>
<!-- Generated by org.testng.reporters.JUnitReportReporter -->
<testsuite hostname="IP-MTY-AVALOS" failures="0" tests="1" name="com.opensource.qa.TC001_Admin_SearchEmployee" time="18.660" errors="0" timestamp="06 Nov 2021 17:23:40 GMT" skipped="0">
  <testcase classname="com.opensource.qa.TC001_Admin_SearchEmployee" name="tc001" time="18.660"/>
</testsuite> <!-- com.opensource.qa.TC001_Admin_SearchEmployee -->
