<?xml version="1.0" encoding="UTF-8"?>
<!-- Generated by org.testng.reporters.JUnitReportReporter -->
<testsuite hostname="IP-MTY-AVALOS" failures="0" tests="2" name="com.opensource.qa.Admin" time="15.147" errors="0" timestamp="16 Oct 2021 16:04:28 GMT" skipped="0">
  <testcase classname="com.opensource.qa.Admin" name="TC001_Admin_SearchEmployee" time="7.678"/>
  <testcase classname="com.opensource.qa.Admin" name="TC002_Admin_SearchEmployee_NotExist" time="7.469"/>
</testsuite> <!-- com.opensource.qa.Admin -->
